<?xml version="1.0" encoding="utf-8"?><testsuites><testsuite name="pytest" errors="0" failures="0" skipped="0" tests="5" time="0.205" timestamp="2023-06-20T17:01:50.249772" hostname="DESKTOP-QF3PKFT"><testcase classname="project.tests.test_bytebank.TestClass" name="test_receber_data_de_nascimento_e_retornar_idade" time="0.005" /><testcase classname="project.tests.test_bytebank.TestClass" name="test_receber_e_retornar_sobrenome" time="0.002" /><testcase classname="project.tests.test_bytebank.TestClass" name="test_decrescimo_salario" time="0.001" /><testcase classname="project.tests.test_bytebank.TestClass" name="test_receber_salario_e_retornar_bonus" time="0.001" /><testcase classname="project.tests.test_bytebank.TestClass" name="test_verificacao_de_salario_para_receber_bonus_e_retornar_exception" time="0.002" /></testsuite></testsuites>